[2016-06-13 13:48:39][信息] : 开始执行脚本：J:\WareHouse\SFControlCenter\ControlCenter\bin\Debug\Script\RunTimeLine.lua
[2016-06-13 13:48:39][信息] : 执行完毕：J:\WareHouse\SFControlCenter\ControlCenter\bin\Debug\Script\RunTimeLine.lua
[2016-06-13 13:48:39][信息] : 开始执行脚本：J:\WareHouse\SFControlCenter\ControlCenter\bin\Debug\Script/TimeLine.lua
[2016-06-13 13:48:39][信息] : 输出：13:48
[2016-06-13 13:49:09][信息] : 输出：13:49
[2016-06-13 13:50:09][信息] : 输出：13:50
[2016-06-13 13:51:09][信息] : 输出：13:51
[2016-06-13 13:52:09][信息] : 输出：13:52
[2016-06-13 13:53:09][信息] : 输出：13:53
[2016-06-13 13:54:09][信息] : 输出：13:54
[2016-06-13 13:55:09][信息] : 输出：13:55
[2016-06-13 13:56:09][信息] : 输出：13:56
[2016-06-13 13:57:09][信息] : 输出：13:57
[2016-06-13 13:58:09][信息] : 输出：13:58
[2016-06-13 13:59:09][信息] : 输出：13:59
[2016-06-13 14:00:09][信息] : 输出：14:00
[2016-06-13 14:01:09][信息] : 输出：14:01
[2016-06-13 14:02:09][信息] : 输出：14:02
[2016-06-13 14:03:09][信息] : 输出：14:03
[2016-06-13 14:04:09][信息] : 输出：14:04
[2016-06-13 14:05:09][信息] : 输出：14:05
[2016-06-13 14:06:09][信息] : 输出：14:06
[2016-06-13 14:07:09][信息] : 输出：14:07
[2016-06-13 14:08:19][信息] : 输出：14:08
[2016-06-13 14:08:23][信息] : 开始执行脚本：J:\WareHouse\SFControlCenter\ControlCenter\bin\Debug\Script\RunTimeLine.lua
[2016-06-13 14:08:23][信息] : 执行完毕：J:\WareHouse\SFControlCenter\ControlCenter\bin\Debug\Script\RunTimeLine.lua
[2016-06-13 14:08:23][信息] : 开始执行脚本：J:\WareHouse\SFControlCenter\ControlCenter\bin\Debug\Script/TimeLine.lua
[2016-06-13 14:08:23][信息] : 输出：14:08
[2016-06-13 14:09:03][信息] : 输出：14:09
[2016-06-13 14:10:03][信息] : 输出：14:10
[2016-06-13 14:11:03][信息] : 输出：14:11
[2016-06-13 14:12:03][信息] : 输出：14:12
[2016-06-13 14:13:03][信息] : 输出：14:13
[2016-06-13 14:14:03][信息] : 输出：14:14
[2016-06-13 14:15:03][信息] : 输出：14:15
[2016-06-13 14:15:59][信息] : 回收资源中，请稍候...
[2016-06-13 14:15:59][信息] : 退出程序！
[2016-06-13 14:15:59][异常] : 无法访问已释放的对象。
对象名:“System.Net.Sockets.Socket”。
