[2016-06-21 09:34:51][信息] : 开始执行脚本：J:\WareHouse\SFControlCenter\ControlCenter\bin\Debug\Script\RunTimeLine.lua
[2016-06-21 09:34:51][信息] : 执行完毕：J:\WareHouse\SFControlCenter\ControlCenter\bin\Debug\Script\RunTimeLine.lua
[2016-06-21 09:34:51][信息] : 开始执行脚本：J:\WareHouse\SFControlCenter\ControlCenter\bin\Debug\Script/TimeLine.lua
[2016-06-21 09:34:51][信息] : 输出：09:34
[2016-06-21 09:35:01][信息] : 输出：09:35
[2016-06-21 09:35:27][信息] : 开始执行脚本：J:\WareHouse\SFControlCenter\ControlCenter\bin\Debug\Script\RunTimeLine.lua
[2016-06-21 09:35:27][信息] : 执行完毕：J:\WareHouse\SFControlCenter\ControlCenter\bin\Debug\Script\RunTimeLine.lua
[2016-06-21 09:35:27][信息] : 开始执行脚本：J:\WareHouse\SFControlCenter\ControlCenter\bin\Debug\Script/TimeLine.lua
[2016-06-21 09:35:27][信息] : 输出：09:35
[2016-06-21 09:35:47][信息] : 回收资源中，请稍候...
[2016-06-21 09:35:47][信息] : 退出程序！
[2016-06-21 09:35:47][异常] : 无法访问已释放的对象。
对象名:“System.Net.Sockets.Socket”。
[2016-06-21 09:36:11][信息] : 已取消开机自启动!
[2016-06-21 09:36:12][信息] : 开始执行脚本：J:\WareHouse\SFControlCenter\ControlCenter\bin\Debug\Script\RunTimeLine.lua
[2016-06-21 09:36:12][信息] : 执行完毕：J:\WareHouse\SFControlCenter\ControlCenter\bin\Debug\Script\RunTimeLine.lua
[2016-06-21 09:36:12][信息] : 开始执行脚本：J:\WareHouse\SFControlCenter\ControlCenter\bin\Debug\Script/TimeLine.lua
[2016-06-21 09:36:12][信息] : 输出：09:36
[2016-06-21 09:36:45][信息] : 回收资源中，请稍候...
[2016-06-21 09:36:45][信息] : 退出程序！
[2016-06-21 09:36:45][异常] : 无法访问已释放的对象。
对象名:“System.Net.Sockets.Socket”。
[2016-06-21 09:43:13][信息] : 已开机自启动！
[2016-06-21 09:43:15][信息] : 开始执行脚本：J:\WareHouse\SFControlCenter\ControlCenter\bin\Debug\Script\RunTimeLine.lua
[2016-06-21 09:43:15][信息] : 执行完毕：J:\WareHouse\SFControlCenter\ControlCenter\bin\Debug\Script\RunTimeLine.lua
[2016-06-21 09:43:15][信息] : 开始执行脚本：J:\WareHouse\SFControlCenter\ControlCenter\bin\Debug\Script/TimeLine.lua
[2016-06-21 09:43:15][信息] : 输出：09:43
[2016-06-21 09:43:24][警告] : 解析程序初始化配置文件出错。 第8行
[2016-06-21 09:43:24][警告] : 解析程序初始化配置文件出错。 第9行
[2016-06-21 09:43:24][警告] : 解析程序初始化配置文件出错。 第13行
[2016-06-21 09:43:24][警告] : 解析程序初始化配置文件出错。 第15行
[2016-06-21 09:43:35][警告] : 解析程序初始化配置文件出错。 第8行
[2016-06-21 09:43:35][警告] : 解析程序初始化配置文件出错。 第9行
[2016-06-21 09:43:35][警告] : 解析程序初始化配置文件出错。 第13行
[2016-06-21 09:43:35][警告] : 解析程序初始化配置文件出错。 第15行
[2016-06-21 09:43:54][信息] : 已开机自启动！
[2016-06-21 09:43:55][信息] : 开始执行脚本：J:\WareHouse\SFControlCenter\ControlCenter\bin\Debug\Script\RunTimeLine.lua
[2016-06-21 09:43:55][信息] : 执行完毕：J:\WareHouse\SFControlCenter\ControlCenter\bin\Debug\Script\RunTimeLine.lua
[2016-06-21 09:43:55][信息] : 开始执行脚本：J:\WareHouse\SFControlCenter\ControlCenter\bin\Debug\Script/TimeLine.lua
[2016-06-21 09:43:55][信息] : 输出：09:43
[2016-06-21 09:44:00][警告] : 解析程序初始化配置文件出错。 第8行
[2016-06-21 09:44:00][警告] : 解析程序初始化配置文件出错。 第9行
[2016-06-21 09:44:00][警告] : 解析程序初始化配置文件出错。 第13行
[2016-06-21 09:44:00][警告] : 解析程序初始化配置文件出错。 第15行
[2016-06-21 09:44:05][信息] : 输出：09:44
[2016-06-21 09:46:53][信息] : 已开机自启动！
[2016-06-21 09:46:54][信息] : 开始执行脚本：J:\WareHouse\SFControlCenter\ControlCenter\bin\Debug\Script\RunTimeLine.lua
[2016-06-21 09:46:54][信息] : 执行完毕：J:\WareHouse\SFControlCenter\ControlCenter\bin\Debug\Script\RunTimeLine.lua
[2016-06-21 09:46:54][信息] : 开始执行脚本：J:\WareHouse\SFControlCenter\ControlCenter\bin\Debug\Script/TimeLine.lua
[2016-06-21 09:46:54][信息] : 输出：09:46
[2016-06-21 09:46:58][警告] : 解析程序初始化配置文件出错。 第8行
[2016-06-21 09:46:58][警告] : 解析程序初始化配置文件出错。 第9行
[2016-06-21 09:46:58][警告] : 解析程序初始化配置文件出错。 第13行
[2016-06-21 09:46:58][警告] : 解析程序初始化配置文件出错。 第15行
[2016-06-21 09:47:01][警告] : 解析程序初始化配置文件出错。 第8行
[2016-06-21 09:47:01][警告] : 解析程序初始化配置文件出错。 第9行
[2016-06-21 09:47:01][警告] : 解析程序初始化配置文件出错。 第13行
[2016-06-21 09:47:01][警告] : 解析程序初始化配置文件出错。 第15行
[2016-06-21 09:47:04][信息] : 输出：09:47
[2016-06-21 09:47:23][警告] : 解析程序初始化配置文件出错。 第8行
[2016-06-21 09:47:23][警告] : 解析程序初始化配置文件出错。 第9行
[2016-06-21 09:47:23][警告] : 解析程序初始化配置文件出错。 第13行
[2016-06-21 09:47:23][警告] : 解析程序初始化配置文件出错。 第15行
[2016-06-21 09:47:26][警告] : 解析程序初始化配置文件出错。 第8行
[2016-06-21 09:47:27][警告] : 解析程序初始化配置文件出错。 第9行
[2016-06-21 09:47:27][警告] : 解析程序初始化配置文件出错。 第13行
[2016-06-21 09:47:27][警告] : 解析程序初始化配置文件出错。 第15行
[2016-06-21 09:48:15][信息] : 已开机自启动！
[2016-06-21 09:48:16][信息] : 开始执行脚本：J:\WareHouse\SFControlCenter\ControlCenter\bin\Debug\Script\RunTimeLine.lua
[2016-06-21 09:48:16][信息] : 执行完毕：J:\WareHouse\SFControlCenter\ControlCenter\bin\Debug\Script\RunTimeLine.lua
[2016-06-21 09:48:16][信息] : 开始执行脚本：J:\WareHouse\SFControlCenter\ControlCenter\bin\Debug\Script/TimeLine.lua
[2016-06-21 09:48:16][信息] : 输出：09:48
[2016-06-21 09:48:21][警告] : 解析程序初始化配置文件出错。 第8行
[2016-06-21 09:48:21][警告] : 解析程序初始化配置文件出错。 第9行
[2016-06-21 09:48:21][警告] : 解析程序初始化配置文件出错。 第13行
[2016-06-21 09:48:21][警告] : 解析程序初始化配置文件出错。 第15行
[2016-06-21 10:24:09][信息] : 已开机自启动！
[2016-06-21 10:24:10][信息] : 开始执行脚本：J:\WareHouse\SFControlCenter\ControlCenter\bin\Debug\Script\RunTimeLine.lua
[2016-06-21 10:24:10][信息] : 执行完毕：J:\WareHouse\SFControlCenter\ControlCenter\bin\Debug\Script\RunTimeLine.lua
[2016-06-21 10:24:10][信息] : 开始执行脚本：J:\WareHouse\SFControlCenter\ControlCenter\bin\Debug\Script/TimeLine.lua
[2016-06-21 10:24:10][信息] : 输出：10:24
[2016-06-21 10:24:17][警告] : 解析程序初始化配置文件出错。 第8行
[2016-06-21 10:24:17][警告] : 解析程序初始化配置文件出错。 第9行
[2016-06-21 10:24:17][警告] : 解析程序初始化配置文件出错。 第13行
[2016-06-21 10:24:17][警告] : 解析程序初始化配置文件出错。 第15行
[2016-06-21 10:24:20][警告] : 解析程序初始化配置文件出错。 第8行
[2016-06-21 10:24:20][警告] : 解析程序初始化配置文件出错。 第9行
[2016-06-21 10:24:20][警告] : 解析程序初始化配置文件出错。 第13行
[2016-06-21 10:24:20][警告] : 解析程序初始化配置文件出错。 第15行
[2016-06-21 10:24:20][警告] : 集合已修改；可能无法执行枚举操作。
[2016-06-21 10:24:58][警告] : 解析程序初始化配置文件出错。 第8行
[2016-06-21 10:24:58][警告] : 解析程序初始化配置文件出错。 第9行
[2016-06-21 10:24:58][警告] : 解析程序初始化配置文件出错。 第13行
[2016-06-21 10:24:58][警告] : 解析程序初始化配置文件出错。 第15行
[2016-06-21 10:25:00][信息] : 输出：10:25
[2016-06-21 10:25:16][警告] : 解析程序初始化配置文件出错。 第8行
[2016-06-21 10:25:16][警告] : 解析程序初始化配置文件出错。 第9行
[2016-06-21 10:25:16][警告] : 解析程序初始化配置文件出错。 第13行
[2016-06-21 10:25:16][警告] : 解析程序初始化配置文件出错。 第15行
[2016-06-21 10:27:04][信息] : 输出：10:27
[2016-06-21 10:27:07][警告] : 集合已修改；可能无法执行枚举操作。
[2016-06-21 10:27:29][警告] : 解析程序初始化配置文件出错。 第8行
[2016-06-21 10:27:29][警告] : 解析程序初始化配置文件出错。 第9行
[2016-06-21 10:27:29][警告] : 解析程序初始化配置文件出错。 第13行
[2016-06-21 10:27:29][警告] : 解析程序初始化配置文件出错。 第15行
[2016-06-21 10:27:53][警告] : 解析程序初始化配置文件出错。 第8行
[2016-06-21 10:27:53][警告] : 解析程序初始化配置文件出错。 第9行
[2016-06-21 10:27:53][警告] : 解析程序初始化配置文件出错。 第13行
[2016-06-21 10:27:53][警告] : 解析程序初始化配置文件出错。 第15行
[2016-06-21 10:27:53][警告] : 集合已修改；可能无法执行枚举操作。
[2016-06-21 10:28:04][信息] : 输出：10:28
[2016-06-21 10:28:47][信息] : 回收资源中，请稍候...
[2016-06-21 10:28:47][信息] : 退出程序！
[2016-06-21 10:28:47][异常] : 无法访问已释放的对象。
对象名:“System.Net.Sockets.Socket”。
[2016-06-21 10:32:15][信息] : 已开机自启动！
[2016-06-21 10:32:16][信息] : 开始执行脚本：J:\WareHouse\SFControlCenter\ControlCenter\bin\Debug\Script\RunTimeLine.lua
[2016-06-21 10:32:16][信息] : 执行完毕：J:\WareHouse\SFControlCenter\ControlCenter\bin\Debug\Script\RunTimeLine.lua
[2016-06-21 10:32:16][信息] : 开始执行脚本：J:\WareHouse\SFControlCenter\ControlCenter\bin\Debug\Script/TimeLine.lua
[2016-06-21 10:32:16][信息] : 输出：10:32
[2016-06-21 10:32:23][警告] : 解析程序初始化配置文件出错。 第8行
[2016-06-21 10:32:23][警告] : 解析程序初始化配置文件出错。 第9行
[2016-06-21 10:32:23][警告] : 解析程序初始化配置文件出错。 第13行
[2016-06-21 10:32:23][警告] : 解析程序初始化配置文件出错。 第15行
[2016-06-21 10:32:38][警告] : 解析程序初始化配置文件出错。 第8行
[2016-06-21 10:32:38][警告] : 解析程序初始化配置文件出错。 第9行
[2016-06-21 10:32:38][警告] : 解析程序初始化配置文件出错。 第13行
[2016-06-21 10:32:38][警告] : 解析程序初始化配置文件出错。 第15行
[2016-06-21 10:32:38][警告] : 集合已修改；可能无法执行枚举操作。
[2016-06-21 10:32:40][信息] : 回收资源中，请稍候...
[2016-06-21 10:32:40][信息] : 退出程序！
[2016-06-21 10:32:40][异常] : 无法访问已释放的对象。
对象名:“System.Net.Sockets.Socket”。
[2016-06-21 10:37:54][信息] : 已开机自启动！
[2016-06-21 10:37:55][信息] : 开始执行脚本：J:\WareHouse\SFControlCenter\ControlCenter\bin\Debug\Script\RunTimeLine.lua
[2016-06-21 10:37:55][信息] : 执行完毕：J:\WareHouse\SFControlCenter\ControlCenter\bin\Debug\Script\RunTimeLine.lua
[2016-06-21 10:37:55][信息] : 开始执行脚本：J:\WareHouse\SFControlCenter\ControlCenter\bin\Debug\Script/TimeLine.lua
[2016-06-21 10:37:55][信息] : 输出：10:37
[2016-06-21 10:38:04][警告] : 解析程序初始化配置文件出错。 第8行
[2016-06-21 10:38:04][警告] : 解析程序初始化配置文件出错。 第9行
[2016-06-21 10:38:04][警告] : 解析程序初始化配置文件出错。 第13行
[2016-06-21 10:38:04][警告] : 解析程序初始化配置文件出错。 第15行
[2016-06-21 10:38:05][信息] : 输出：10:38
[2016-06-21 10:38:26][信息] : 回收资源中，请稍候...
[2016-06-21 10:38:26][信息] : 退出程序！
[2016-06-21 10:38:26][异常] : 无法访问已释放的对象。
对象名:“System.Net.Sockets.Socket”。
[2016-06-21 10:38:54][信息] : 已开机自启动！
[2016-06-21 10:38:55][信息] : 开始执行脚本：J:\WareHouse\SFControlCenter\ControlCenter\bin\Debug\Script\RunTimeLine.lua
[2016-06-21 10:38:55][信息] : 执行完毕：J:\WareHouse\SFControlCenter\ControlCenter\bin\Debug\Script\RunTimeLine.lua
[2016-06-21 10:38:55][信息] : 开始执行脚本：J:\WareHouse\SFControlCenter\ControlCenter\bin\Debug\Script/TimeLine.lua
[2016-06-21 10:38:55][信息] : 输出：10:38
[2016-06-21 10:39:05][信息] : 输出：10:39
[2016-06-21 10:40:28][信息] : 已开机自启动！
[2016-06-21 10:40:29][信息] : 开始执行脚本：J:\WareHouse\SFControlCenter\ControlCenter\bin\Debug\Script\RunTimeLine.lua
[2016-06-21 10:40:29][信息] : 执行完毕：J:\WareHouse\SFControlCenter\ControlCenter\bin\Debug\Script\RunTimeLine.lua
[2016-06-21 10:40:29][信息] : 开始执行脚本：J:\WareHouse\SFControlCenter\ControlCenter\bin\Debug\Script/TimeLine.lua
[2016-06-21 10:40:29][信息] : 输出：10:40
[2016-06-21 10:42:05][信息] : 已开机自启动！
[2016-06-21 10:42:05][信息] : 开始执行脚本：J:\WareHouse\SFControlCenter\ControlCenter\bin\Debug\Script\RunTimeLine.lua
[2016-06-21 10:42:05][信息] : 执行完毕：J:\WareHouse\SFControlCenter\ControlCenter\bin\Debug\Script\RunTimeLine.lua
[2016-06-21 10:42:05][信息] : 开始执行脚本：J:\WareHouse\SFControlCenter\ControlCenter\bin\Debug\Script/TimeLine.lua
[2016-06-21 10:42:05][信息] : 输出：10:42
[2016-06-21 10:43:10][信息] : 已开机自启动！
[2016-06-21 10:43:10][信息] : 开始执行脚本：J:\WareHouse\SFControlCenter\ControlCenter\bin\Debug\Script\RunTimeLine.lua
[2016-06-21 10:43:10][信息] : 执行完毕：J:\WareHouse\SFControlCenter\ControlCenter\bin\Debug\Script\RunTimeLine.lua
[2016-06-21 10:43:10][信息] : 开始执行脚本：J:\WareHouse\SFControlCenter\ControlCenter\bin\Debug\Script/TimeLine.lua
[2016-06-21 10:43:10][信息] : 输出：10:43
[2016-06-21 10:43:12][警告] : 解析程序初始化配置文件出错。 第9行
[2016-06-21 10:43:12][警告] : 解析程序初始化配置文件出错。 第10行
[2016-06-21 10:43:12][警告] : 解析程序初始化配置文件出错。 第14行
[2016-06-21 10:43:13][警告] : 解析程序初始化配置文件出错。 第16行
[2016-06-21 10:43:56][信息] : 已开机自启动！
[2016-06-21 10:43:57][信息] : 开始执行脚本：J:\WareHouse\SFControlCenter\ControlCenter\bin\Debug\Script\RunTimeLine.lua
[2016-06-21 10:43:57][信息] : 执行完毕：J:\WareHouse\SFControlCenter\ControlCenter\bin\Debug\Script\RunTimeLine.lua
[2016-06-21 10:43:57][信息] : 开始执行脚本：J:\WareHouse\SFControlCenter\ControlCenter\bin\Debug\Script/TimeLine.lua
[2016-06-21 10:43:57][信息] : 输出：10:43
[2016-06-21 10:44:08][信息] : 输出：10:44
[2016-06-21 10:45:01][信息] : 输出：10:45
[2016-06-21 10:46:06][信息] : 已开机自启动！
[2016-06-21 10:46:08][信息] : 开始执行脚本：J:\WareHouse\SFControlCenter\ControlCenter\bin\Debug\Script\RunTimeLine.lua
[2016-06-21 10:46:08][信息] : 执行完毕：J:\WareHouse\SFControlCenter\ControlCenter\bin\Debug\Script\RunTimeLine.lua
[2016-06-21 10:46:08][信息] : 开始执行脚本：J:\WareHouse\SFControlCenter\ControlCenter\bin\Debug\Script/TimeLine.lua
[2016-06-21 10:46:08][信息] : 输出：10:46
[2016-06-21 10:46:16][警告] : 解析程序初始化配置文件出错。 第9行
[2016-06-21 10:46:16][警告] : 解析程序初始化配置文件出错。 第13行
[2016-06-21 10:46:16][警告] : 解析程序初始化配置文件出错。 第15行
[2016-06-21 10:46:16][警告] : 解析程序初始化配置文件出错。 第18行
[2016-06-21 10:46:16][警告] : 解析程序初始化配置文件出错。 第19行
[2016-06-21 10:46:55][信息] : 已开机自启动！
[2016-06-21 10:46:56][信息] : 执行完毕：J:\WareHouse\SFControlCenter\ControlCenter\bin\Debug\Script\RunTimeLine.lua
[2016-06-21 10:46:56][信息] : 开始执行脚本：J:\WareHouse\SFControlCenter\ControlCenter\bin\Debug\Script\RunTimeLine.lua
[2016-06-21 10:46:56][信息] : 开始执行脚本：J:\WareHouse\SFControlCenter\ControlCenter\bin\Debug\Script/TimeLine.lua
[2016-06-21 10:46:56][信息] : 输出：10:46
[2016-06-21 10:47:06][信息] : 输出：10:47
[2016-06-21 10:47:08][警告] : 解析程序初始化配置文件出错。 第9行
[2016-06-21 10:47:08][警告] : 解析程序初始化配置文件出错。 第13行
[2016-06-21 10:47:08][警告] : 解析程序初始化配置文件出错。 第15行
[2016-06-21 10:48:25][信息] : 已开机自启动！
[2016-06-21 10:48:26][信息] : 开始执行脚本：J:\WareHouse\SFControlCenter\ControlCenter\bin\Debug\Script\RunTimeLine.lua
[2016-06-21 10:48:26][信息] : 执行完毕：J:\WareHouse\SFControlCenter\ControlCenter\bin\Debug\Script\RunTimeLine.lua
[2016-06-21 10:48:26][信息] : 开始执行脚本：J:\WareHouse\SFControlCenter\ControlCenter\bin\Debug\Script/TimeLine.lua
[2016-06-21 10:48:26][信息] : 输出：10:48
[2016-06-21 10:48:28][警告] : 解析程序初始化配置文件出错。 第9行
[2016-06-21 10:48:28][警告] : 解析程序初始化配置文件出错。 第13行
[2016-06-21 10:48:28][警告] : 解析程序初始化配置文件出错。 第15行
[2016-06-21 10:48:28][警告] : 解析程序初始化配置文件出错。 第18行
[2016-06-21 10:48:28][警告] : 解析程序初始化配置文件出错。 第19行
[2016-06-21 10:48:50][警告] : 解析程序初始化配置文件出错。 第9行
[2016-06-21 10:48:50][警告] : 解析程序初始化配置文件出错。 第13行
[2016-06-21 10:48:50][警告] : 解析程序初始化配置文件出错。 第15行
[2016-06-21 10:49:06][信息] : 输出：10:49
[2016-06-21 10:50:29][信息] : 已开机自启动！
[2016-06-21 10:50:30][信息] : 开始执行脚本：J:\WareHouse\SFControlCenter\ControlCenter\bin\Debug\Script\RunTimeLine.lua
[2016-06-21 10:50:30][信息] : 执行完毕：J:\WareHouse\SFControlCenter\ControlCenter\bin\Debug\Script\RunTimeLine.lua
[2016-06-21 10:50:30][信息] : 开始执行脚本：J:\WareHouse\SFControlCenter\ControlCenter\bin\Debug\Script/TimeLine.lua
[2016-06-21 10:50:30][信息] : 输出：10:50
[2016-06-21 10:50:38][警告] : 解析程序初始化配置文件出错。 第6行
[2016-06-21 10:50:38][警告] : 解析程序初始化配置文件出错。 第10行
[2016-06-21 10:50:38][警告] : 解析程序初始化配置文件出错。 第12行
[2016-06-21 10:50:54][警告] : 解析程序初始化配置文件出错。 第6行
[2016-06-21 10:50:54][警告] : 解析程序初始化配置文件出错。 第10行
[2016-06-21 10:50:54][警告] : 解析程序初始化配置文件出错。 第12行
[2016-06-21 10:57:21][信息] : 已开机自启动！
[2016-06-21 10:57:22][信息] : 开始执行脚本：J:\WareHouse\SFControlCenter\ControlCenter\bin\Debug\Script\RunTimeLine.lua
[2016-06-21 10:57:22][信息] : 执行完毕：J:\WareHouse\SFControlCenter\ControlCenter\bin\Debug\Script\RunTimeLine.lua
[2016-06-21 10:57:22][信息] : 开始执行脚本：J:\WareHouse\SFControlCenter\ControlCenter\bin\Debug\Script/TimeLine.lua
[2016-06-21 10:57:22][信息] : 输出：10:57
[2016-06-21 11:12:01][信息] : 已开机自启动！
[2016-06-21 11:12:48][信息] : 已开机自启动！
[2016-06-21 11:12:49][信息] : 开始执行脚本：J:\WareHouse\SFControlCenter\ControlCenter\bin\Debug\Script\RunTimeLine.lua
[2016-06-21 11:12:49][信息] : 执行完毕：J:\WareHouse\SFControlCenter\ControlCenter\bin\Debug\Script\RunTimeLine.lua
[2016-06-21 11:12:49][信息] : 开始执行脚本：J:\WareHouse\SFControlCenter\ControlCenter\bin\Debug\Script/TimeLine.lua
[2016-06-21 11:12:49][信息] : 输出：11:12
[2016-06-21 11:12:59][信息] : 已开机自启动！
[2016-06-21 11:13:00][信息] : 开始执行脚本：J:\WareHouse\SFControlCenter\ControlCenter\bin\Debug\Script\RunTimeLine.lua
[2016-06-21 11:13:00][信息] : 执行完毕：J:\WareHouse\SFControlCenter\ControlCenter\bin\Debug\Script\RunTimeLine.lua
[2016-06-21 11:13:00][信息] : 开始执行脚本：J:\WareHouse\SFControlCenter\ControlCenter\bin\Debug\Script/TimeLine.lua
[2016-06-21 11:13:00][信息] : 输出：11:13
[2016-06-21 11:15:04][信息] : 已开机自启动！
[2016-06-21 11:15:05][信息] : 开始执行脚本：J:\WareHouse\SFControlCenter\ControlCenter\bin\Debug\Script\RunTimeLine.lua
[2016-06-21 11:15:05][信息] : 执行完毕：J:\WareHouse\SFControlCenter\ControlCenter\bin\Debug\Script\RunTimeLine.lua
[2016-06-21 11:15:05][信息] : 开始执行脚本：J:\WareHouse\SFControlCenter\ControlCenter\bin\Debug\Script/TimeLine.lua
[2016-06-21 11:15:05][信息] : 输出：11:15
[2016-06-21 11:15:20][信息] : 已开机自启动！
[2016-06-21 11:15:22][信息] : 开始执行脚本：J:\WareHouse\SFControlCenter\ControlCenter\bin\Debug\Script\RunTimeLine.lua
[2016-06-21 11:15:22][信息] : 执行完毕：J:\WareHouse\SFControlCenter\ControlCenter\bin\Debug\Script\RunTimeLine.lua
[2016-06-21 11:15:22][信息] : 开始执行脚本：J:\WareHouse\SFControlCenter\ControlCenter\bin\Debug\Script/TimeLine.lua
[2016-06-21 11:15:22][信息] : 输出：11:15
[2016-06-21 11:17:26][信息] : 已开机自启动！
[2016-06-21 11:17:27][信息] : 开始执行脚本：J:\WareHouse\SFControlCenter\ControlCenter\bin\Debug\Script\RunTimeLine.lua
[2016-06-21 11:17:27][信息] : 执行完毕：J:\WareHouse\SFControlCenter\ControlCenter\bin\Debug\Script\RunTimeLine.lua
[2016-06-21 11:17:27][信息] : 开始执行脚本：J:\WareHouse\SFControlCenter\ControlCenter\bin\Debug\Script/TimeLine.lua
[2016-06-21 11:17:27][信息] : 输出：11:17
[2016-06-21 11:19:11][信息] : 已开机自启动！
[2016-06-21 11:19:12][信息] : 开始执行脚本：J:\WareHouse\SFControlCenter\ControlCenter\bin\Debug\Script\RunTimeLine.lua
[2016-06-21 11:19:12][信息] : 执行完毕：J:\WareHouse\SFControlCenter\ControlCenter\bin\Debug\Script\RunTimeLine.lua
[2016-06-21 11:19:12][信息] : 开始执行脚本：J:\WareHouse\SFControlCenter\ControlCenter\bin\Debug\Script/TimeLine.lua
[2016-06-21 11:19:12][信息] : 输出：11:19
[2016-06-21 11:19:59][信息] : 接收请求1.lua
[2016-06-21 11:19:59][信息] : 查找脚本1.lua
[2016-06-21 11:19:59][信息] : 执行完毕：J:\WareHouse\SFControlCenter\ControlCenter\bin\Debug\Script\1.lua
[2016-06-21 11:19:59][信息] : 开始执行脚本：J:\WareHouse\SFControlCenter\ControlCenter\bin\Debug\Script\1.lua
[2016-06-21 11:20:02][信息] : 输出：11:20
[2016-06-21 11:20:09][信息] : 接收请求1.lua
[2016-06-21 11:20:09][信息] : 查找脚本1.lua
[2016-06-21 11:20:09][信息] : 执行完毕：J:\WareHouse\SFControlCenter\ControlCenter\bin\Debug\Script\1.lua
[2016-06-21 11:20:09][信息] : 开始执行脚本：J:\WareHouse\SFControlCenter\ControlCenter\bin\Debug\Script\1.lua
[2016-06-21 11:20:11][信息] : 接收请求1.lua
[2016-06-21 11:20:11][信息] : 查找脚本1.lua
[2016-06-21 11:20:11][信息] : 开始执行脚本：J:\WareHouse\SFControlCenter\ControlCenter\bin\Debug\Script\1.lua
[2016-06-21 11:20:11][信息] : 执行完毕：J:\WareHouse\SFControlCenter\ControlCenter\bin\Debug\Script\1.lua
[2016-06-21 11:20:22][信息] : 回收资源中，请稍候...
[2016-06-21 11:20:22][信息] : 退出程序！
[2016-06-21 11:20:22][异常] : 无法访问已释放的对象。
对象名:“System.Net.Sockets.Socket”。
[2016-06-21 16:10:32][信息] : 已开机自启动！
[2016-06-21 16:28:05][信息] : 已开机自启动！
[2016-06-21 16:44:24][信息] : 已开机自启动！
[2016-06-21 16:44:30][信息] : 已开机自启动！
[2016-06-21 16:45:40][信息] : 已开机自启动！
[2016-06-21 16:49:43][信息] : 已开机自启动！
[2016-06-21 16:49:46][信息] : 开始执行脚本：J:\WareHouse\SFControlCenter\ControlCenter\bin\Debug\Script\RunTimeLine.lua
[2016-06-21 16:49:46][信息] : 执行完毕：J:\WareHouse\SFControlCenter\ControlCenter\bin\Debug\Script\RunTimeLine.lua
[2016-06-21 16:49:46][信息] : 开始执行脚本：J:\WareHouse\SFControlCenter\ControlCenter\bin\Debug\Script/TimeLine.lua
[2016-06-21 16:49:46][信息] : 输出：16:49
[2016-06-21 16:50:06][信息] : 输出：16:50
[2016-06-21 16:51:06][信息] : 输出：16:51
[2016-06-21 16:51:43][信息] : 已开机自启动！
[2016-06-21 16:51:48][信息] : 开始执行脚本：J:\WareHouse\SFControlCenter\ControlCenter\bin\Debug\Script\RunTimeLine.lua
[2016-06-21 16:51:48][信息] : 执行完毕：J:\WareHouse\SFControlCenter\ControlCenter\bin\Debug\Script\RunTimeLine.lua
[2016-06-21 16:51:48][信息] : 开始执行脚本：J:\WareHouse\SFControlCenter\ControlCenter\bin\Debug\Script/TimeLine.lua
[2016-06-21 16:51:48][信息] : 输出：16:51
[2016-06-21 16:52:08][信息] : 输出：16:52
[2016-06-21 16:52:56][信息] : 回收资源中，请稍候...
[2016-06-21 16:52:56][信息] : 退出程序！
[2016-06-21 16:52:56][异常] : 无法访问已释放的对象。
对象名:“System.Net.Sockets.Socket”。
[2016-06-21 16:54:14][信息] : 已开机自启动！
[2016-06-21 16:59:58][信息] : 已开机自启动！
[2016-06-21 17:00:01][信息] : 开始执行脚本：J:\WareHouse\SFControlCenter\ControlCenter\bin\Debug\Script\RunTimeLine.lua
[2016-06-21 17:00:01][信息] : 执行完毕：J:\WareHouse\SFControlCenter\ControlCenter\bin\Debug\Script\RunTimeLine.lua
[2016-06-21 17:00:01][信息] : 开始执行脚本：J:\WareHouse\SFControlCenter\ControlCenter\bin\Debug\Script/TimeLine.lua
[2016-06-21 17:00:01][信息] : 输出：17:00
[2016-06-21 17:00:24][信息] : 回收资源中，请稍候...
[2016-06-21 17:00:24][信息] : 退出程序！
[2016-06-21 17:00:24][异常] : 无法访问已释放的对象。
对象名:“System.Net.Sockets.Socket”。
[2016-06-21 17:02:30][信息] : 已开机自启动！
[2016-06-21 17:06:55][信息] : 已开机自启动！
[2016-06-21 17:06:57][信息] : 开始执行脚本：J:\WareHouse\SFControlCenter\ControlCenter\bin\Debug\Script\RunTimeLine.lua
[2016-06-21 17:06:57][信息] : 执行完毕：J:\WareHouse\SFControlCenter\ControlCenter\bin\Debug\Script\RunTimeLine.lua
[2016-06-21 17:06:57][信息] : 开始执行脚本：J:\WareHouse\SFControlCenter\ControlCenter\bin\Debug\Script/TimeLine.lua
[2016-06-21 17:06:57][信息] : 输出：17:06
[2016-06-21 17:07:07][信息] : 输出：17:07
[2016-06-21 17:08:07][信息] : 输出：17:08
[2016-06-21 17:09:07][信息] : 输出：17:09
[2016-06-21 17:09:32][信息] : 已开机自启动！
[2016-06-21 17:09:33][信息] : 开始执行脚本：J:\WareHouse\SFControlCenter\ControlCenter\bin\Debug\Script\RunTimeLine.lua
[2016-06-21 17:09:33][信息] : 执行完毕：J:\WareHouse\SFControlCenter\ControlCenter\bin\Debug\Script\RunTimeLine.lua
[2016-06-21 17:09:33][信息] : 开始执行脚本：J:\WareHouse\SFControlCenter\ControlCenter\bin\Debug\Script/TimeLine.lua
[2016-06-21 17:09:33][信息] : 输出：17:09
[2016-06-21 17:10:03][信息] : 输出：17:10
[2016-06-21 17:11:03][信息] : 输出：17:11
[2016-06-21 17:11:44][信息] : 回收资源中，请稍候...
[2016-06-21 17:11:44][信息] : 退出程序！
[2016-06-21 17:11:44][异常] : 无法访问已释放的对象。
对象名:“System.Net.Sockets.Socket”。
[2016-06-21 17:21:15][信息] : 已开机自启动！
[2016-06-21 17:21:17][信息] : 开始执行脚本：J:\WareHouse\SFControlCenter\ControlCenter\bin\Debug\Script\RunTimeLine.lua
[2016-06-21 17:21:17][信息] : 执行完毕：J:\WareHouse\SFControlCenter\ControlCenter\bin\Debug\Script\RunTimeLine.lua
[2016-06-21 17:21:17][信息] : 开始执行脚本：J:\WareHouse\SFControlCenter\ControlCenter\bin\Debug\Script/TimeLine.lua
[2016-06-21 17:21:17][信息] : 输出：17:21
[2016-06-21 17:22:07][信息] : 输出：17:22
[2016-06-21 17:23:07][信息] : 输出：17:23
[2016-06-21 17:24:07][信息] : 输出：17:24
[2016-06-21 17:24:25][信息] : 接收请求11.lua
[2016-06-21 17:24:25][信息] : 查找脚本11.lua
[2016-06-21 17:24:25][信息] : 开始执行脚本：J:\WareHouse\SFControlCenter\ControlCenter\bin\Debug\Script\11.lua
[2016-06-21 17:24:25][信息] : 执行完毕：J:\WareHouse\SFControlCenter\ControlCenter\bin\Debug\Script\11.lua
[2016-06-21 17:24:27][信息] : 发送TCP数据失败！
[2016-06-21 17:25:03][信息] : 接收请求11.lua
[2016-06-21 17:25:03][信息] : 查找脚本11.lua
[2016-06-21 17:25:03][信息] : 开始执行脚本：J:\WareHouse\SFControlCenter\ControlCenter\bin\Debug\Script\11.lua
[2016-06-21 17:25:03][信息] : 执行完毕：J:\WareHouse\SFControlCenter\ControlCenter\bin\Debug\Script\11.lua
[2016-06-21 17:25:07][信息] : 输出：17:25
[2016-06-21 17:26:20][信息] : 已开机自启动！
[2016-06-21 17:26:22][信息] : 开始执行脚本：J:\WareHouse\SFControlCenter\ControlCenter\bin\Debug\Script\RunTimeLine.lua
[2016-06-21 17:26:22][信息] : 执行完毕：J:\WareHouse\SFControlCenter\ControlCenter\bin\Debug\Script\RunTimeLine.lua
[2016-06-21 17:26:22][信息] : 开始执行脚本：J:\WareHouse\SFControlCenter\ControlCenter\bin\Debug\Script/TimeLine.lua
[2016-06-21 17:26:22][信息] : 输出：17:26
[2016-06-21 17:26:34][信息] : 回收资源中，请稍候...
[2016-06-21 17:26:34][信息] : 退出程序！
[2016-06-21 17:26:34][异常] : 无法访问已释放的对象。
对象名:“System.Net.Sockets.Socket”。
