[2016-05-11 08:56:25][信息] : 开始执行脚本：E:\svn\神服\标准产品\中控\SFControlCenter\ControlCenter\bin\Debug\Script\RunTimeLine.lua
[2016-05-11 08:56:25][信息] : 执行完毕：E:\svn\神服\标准产品\中控\SFControlCenter\ControlCenter\bin\Debug\Script\RunTimeLine.lua
[2016-05-11 08:56:25][信息] : 开始执行脚本：E:\svn\神服\标准产品\中控\SFControlCenter\ControlCenter\bin\Debug\Script/TimeLine.lua
[2016-05-11 08:56:25][信息] : 输出：08:56
[2016-05-11 08:56:30][信息] : 回收资源中，请稍候...
[2016-05-11 08:56:30][信息] : 退出程序！
[2016-05-11 08:56:30][异常] : 无法访问已释放的对象。
对象名:“System.Net.Sockets.Socket”。
[2016-05-11 08:56:46][异常] : 无法加载 DLL“LockDog\EfeeLicense.dll”: 找不到指定的模块。 (异常来自 HRESULT:0x8007007E)。
[2016-05-11 08:56:49][异常] : 无法加载 DLL“LockDog\EfeeLicense.dll”: 找不到指定的模块。 (异常来自 HRESULT:0x8007007E)。
[2016-05-11 08:56:54][信息] : 回收资源中，请稍候...
[2016-05-11 08:56:54][信息] : 退出程序！
[2016-05-11 08:56:54][异常] : 无法访问已释放的对象。
对象名:“System.Net.Sockets.Socket”。
[2016-05-11 09:47:35][异常] : 无法加载 DLL“LockDog\EfeeLicense.dll”: 找不到指定的模块。 (异常来自 HRESULT:0x8007007E)。
[2016-05-11 09:47:38][异常] : 无法加载 DLL“LockDog\EfeeLicense.dll”: 找不到指定的模块。 (异常来自 HRESULT:0x8007007E)。
[2016-05-11 09:47:49][异常] : 无法加载 DLL“LockDog\EfeeLicense.dll”: 找不到指定的模块。 (异常来自 HRESULT:0x8007007E)。
[2016-05-11 09:47:52][异常] : 无法加载 DLL“LockDog\EfeeLicense.dll”: 找不到指定的模块。 (异常来自 HRESULT:0x8007007E)。
[2016-05-11 09:48:42][信息] : 开始执行脚本：E:\svn\神服\标准产品\中控\SFControlCenter\ControlCenter\bin\Debug\Script\RunTimeLine.lua
[2016-05-11 09:48:42][信息] : 执行完毕：E:\svn\神服\标准产品\中控\SFControlCenter\ControlCenter\bin\Debug\Script\RunTimeLine.lua
[2016-05-11 09:48:42][信息] : 开始执行脚本：E:\svn\神服\标准产品\中控\SFControlCenter\ControlCenter\bin\Debug\Script/TimeLine.lua
[2016-05-11 09:48:42][信息] : 输出：09:48
[2016-05-11 09:48:50][信息] : 回收资源中，请稍候...
[2016-05-11 09:48:50][信息] : 退出程序！
[2016-05-11 09:48:50][异常] : 无法访问已释放的对象。
对象名:“System.Net.Sockets.Socket”。
[2016-05-11 09:49:27][信息] : 开始执行脚本：E:\svn\神服\标准产品\中控\SFControlCenter\ControlCenter\bin\Debug\Script\RunTimeLine.lua
[2016-05-11 09:49:27][信息] : 执行完毕：E:\svn\神服\标准产品\中控\SFControlCenter\ControlCenter\bin\Debug\Script\RunTimeLine.lua
[2016-05-11 09:49:27][信息] : 开始执行脚本：E:\svn\神服\标准产品\中控\SFControlCenter\ControlCenter\bin\Debug\Script/TimeLine.lua
[2016-05-11 09:49:27][信息] : 输出：09:49
[2016-05-11 09:49:31][信息] : 回收资源中，请稍候...
[2016-05-11 09:49:31][信息] : 退出程序！
[2016-05-11 09:49:31][异常] : 无法访问已释放的对象。
对象名:“System.Net.Sockets.Socket”。
