[2016-06-22 11:09:38][信息] : 已开机自启动！
[2016-06-22 12:14:54][信息] : 已开机自启动！
[2016-06-22 12:14:55][信息] : 开始执行脚本：J:\WareHouse\SFControlCenter\ControlCenter\bin\Debug\Script\RunTimeLine.lua
[2016-06-22 12:14:55][信息] : 执行完毕：J:\WareHouse\SFControlCenter\ControlCenter\bin\Debug\Script\RunTimeLine.lua
[2016-06-22 12:14:55][信息] : 开始执行脚本：J:\WareHouse\SFControlCenter\ControlCenter\bin\Debug\Script/TimeLine.lua
[2016-06-22 12:14:55][信息] : 输出：12:14
[2016-06-22 12:15:05][信息] : 输出：12:15
[2016-06-22 12:22:26][信息] : 已开机自启动！
[2016-06-22 12:22:28][信息] : 开始执行脚本：J:\WareHouse\SFControlCenter\ControlCenter\bin\Debug\Script\RunTimeLine.lua
[2016-06-22 12:22:28][信息] : 执行完毕：J:\WareHouse\SFControlCenter\ControlCenter\bin\Debug\Script\RunTimeLine.lua
[2016-06-22 12:22:28][信息] : 开始执行脚本：J:\WareHouse\SFControlCenter\ControlCenter\bin\Debug\Script/TimeLine.lua
[2016-06-22 12:22:28][信息] : 输出：12:22
[2016-06-22 12:22:57][信息] : 已开机自启动！
[2016-06-22 12:22:58][信息] : 开始执行脚本：J:\WareHouse\SFControlCenter\ControlCenter\bin\Debug\Script\RunTimeLine.lua
[2016-06-22 12:22:58][信息] : 执行完毕：J:\WareHouse\SFControlCenter\ControlCenter\bin\Debug\Script\RunTimeLine.lua
[2016-06-22 12:22:58][信息] : 开始执行脚本：J:\WareHouse\SFControlCenter\ControlCenter\bin\Debug\Script/TimeLine.lua
[2016-06-22 12:22:58][信息] : 输出：12:22
[2016-06-22 12:23:08][信息] : 输出：12:23
[2016-06-22 12:23:15][信息] : 已开机自启动！
[2016-06-22 12:23:16][信息] : 开始执行脚本：J:\WareHouse\SFControlCenter\ControlCenter\bin\Debug\Script\RunTimeLine.lua
[2016-06-22 12:23:16][信息] : 执行完毕：J:\WareHouse\SFControlCenter\ControlCenter\bin\Debug\Script\RunTimeLine.lua
[2016-06-22 12:23:16][信息] : 开始执行脚本：J:\WareHouse\SFControlCenter\ControlCenter\bin\Debug\Script/TimeLine.lua
[2016-06-22 12:23:16][信息] : 输出：12:23
[2016-06-22 12:24:06][信息] : 输出：12:24
[2016-06-22 12:32:12][信息] : 已开机自启动！
[2016-06-22 12:32:13][信息] : 开始执行脚本：J:\WareHouse\SFControlCenter\ControlCenter\bin\Debug\Script\RunTimeLine.lua
[2016-06-22 12:32:13][信息] : 执行完毕：J:\WareHouse\SFControlCenter\ControlCenter\bin\Debug\Script\RunTimeLine.lua
[2016-06-22 12:32:13][信息] : 开始执行脚本：J:\WareHouse\SFControlCenter\ControlCenter\bin\Debug\Script/TimeLine.lua
[2016-06-22 12:32:13][信息] : 输出：12:32
[2016-06-22 12:33:03][信息] : 输出：12:33
[2016-06-22 12:34:03][信息] : 输出：12:34
[2016-06-22 12:35:03][信息] : 输出：12:35
[2016-06-22 12:36:03][信息] : 输出：12:36
[2016-06-22 12:37:34][信息] : 已开机自启动！
[2016-06-22 12:37:35][信息] : 开始执行脚本：J:\WareHouse\SFControlCenter\bin\Debug\ControlCenter\Script\RunTimeLine.lua
[2016-06-22 12:37:35][信息] : 执行完毕：J:\WareHouse\SFControlCenter\bin\Debug\ControlCenter\Script\RunTimeLine.lua
[2016-06-22 12:37:35][信息] : 开始执行脚本：J:\WareHouse\SFControlCenter\bin\Debug\ControlCenter\Script/TimeLine.lua
[2016-06-22 12:37:35][信息] : 输出：12:37
[2016-06-22 12:37:45][信息] : 回收资源中，请稍候...
[2016-06-22 12:37:45][信息] : 退出程序！
